../../optional/aterm.tcz
../../optional/bzip2-lib.tcz
../../optional/fltk-1.3.tcz
../../optional/flwm_topside.tcz
../../optional/freetype.tcz
../../optional/imlib2-bin.tcz
../../optional/imlib2.tcz
../../optional/libfontenc.tcz
../../optional/libICE.tcz
../../optional/libjpeg-turbo.tcz
../../optional/libpng.tcz
../../optional/libSM.tcz
../../optional/libX11.tcz
../../optional/libXau.tcz
../../optional/libxcb.tcz
../../optional/libXdmcp.tcz
../../optional/libXext.tcz
../../optional/libXfont.tcz
../../optional/wbar.tcz
../../optional/Xlibs.tcz
../../optional/Xprogs.tcz
../../optional/Xvesa.tcz
